2025-08-05 15:02:21,225 - INFO - [logger_setup:49] - Logger configurado com sucesso.
2025-08-05 15:02:21,225 - INFO - [main:27] - ============================== INÍCIO DO PROCESSO DE AUTOMAÇÃO ==============================
2025-08-05 15:02:21,225 - INFO - [state_manager:29] - Estado anterior carregado com sucesso de './state.json'.
2025-08-05 15:02:21,225 - INFO - [main:31] - --- ESTÁGIO 1: Carregando arquivos de dados ---
2025-08-05 15:02:21,225 - INFO - [data_loader:29] - Arquivo mais recente encontrado para 'MAILING_NUCLEO_*.xlsx': MAILING_NUCLEO_2025-08-04.xlsx
2025-08-05 15:02:21,225 - INFO - [data_loader:43] - Carregando arquivo Excel: MAILING_NUCLEO_2025-08-04.xlsx
2025-08-05 15:04:18,532 - INFO - [data_loader:64] - Procurando arquivos de pagamento com o padrão 'PAGOS_*.csv'
2025-08-05 15:04:18,532 - INFO - [data_loader:75] - Encontrados 9 arquivos de pagamento. Concatenando...
2025-08-05 15:04:26,671 - INFO - [data_loader:94] - Total de 7938298 registros de pagamento carregados.
2025-08-05 15:04:26,734 - WARNING - [data_loader:24] - Arquivo opcional com padrão 'Dump_TabAuto_*.txt' não encontrado em 'data_input'. Continuando.
2025-08-05 15:04:26,734 - WARNING - [data_loader:100] - Caminho do arquivo TXT não fornecido ou não existe: None. Retornando DataFrame vazio.
2025-08-05 15:04:26,734 - INFO - [data_loader:43] - Carregando arquivo Excel: Pontuação.xlsx
2025-08-05 15:04:35,454 - INFO - [data_loader:43] - Carregando arquivo Excel: Negociações SINED.xlsx
2025-08-05 15:04:51,536 - INFO - [data_loader:43] - Carregando arquivo Excel: Tabulações para Retirar.xlsx
2025-08-05 15:04:52,325 - INFO - [data_loader:136] - Todos os arquivos de dados foram carregados com sucesso.
2025-08-05 15:04:52,325 - INFO - [main:33] - --- ESTÁGIO 1 CONCLUÍDO ---
2025-08-05 15:04:52,325 - INFO - [main:35] - --- ESTÁGIO 2: Processando dados (Alquimia) ---
2025-08-05 15:04:52,325 - INFO - [processing_pipeline:218] - >>> INICIANDO PIPELINE DE PROCESSAMENTO DE DADOS <<<
2025-08-05 15:04:52,433 - INFO - [processing_pipeline:22] - Deduplicação: Removidos 170046 registros duplicados com base na coluna 'NCPF'.
2025-08-05 15:04:52,459 - INFO - [processing_pipeline:34] - Iniciando remoção de clientes com pagamentos registrados.
2025-08-05 15:05:28,854 - INFO - [processing_pipeline:60] - Remoção de Pagos: 0 registros removidos.
2025-08-05 15:05:29,131 - INFO - [processing_pipeline:71] - Enriquecendo base com a flag 'Cliente_Regulariza'.
2025-08-05 15:05:29,131 - ERROR - [processing_pipeline:78] - Coluna de merge 'UCV' não encontrada nos arquivos de mailing e/ou negociação. Pulando etapa.
2025-08-05 15:05:29,131 - INFO - [processing_pipeline:99] - Iniciando enriquecimento de telefones.
2025-08-05 15:05:29,132 - WARNING - [processing_pipeline:109] - Aba de pontuação está vazia ou não contém as colunas 'CPF', 'TELEFONE', 'PONTUACAO'. Pulando.
2025-08-05 15:05:29,132 - INFO - [processing_pipeline:152] - Calculando colunas agregadas.
2025-08-05 15:05:29,184 - INFO - [processing_pipeline:172] - Renomeando e formatando colunas para o layout final.
2025-08-05 15:05:29,184 - INFO - [processing_pipeline:194] - Reordenando colunas para o layout final.
2025-08-05 15:05:29,184 - WARNING - [processing_pipeline:206] - Coluna principal 'TELEFONE_01' não encontrada. Adicionada como vazia.
2025-08-05 15:05:29,184 - WARNING - [processing_pipeline:206] - Coluna principal 'TELEFONE_02' não encontrada. Adicionada como vazia.
2025-08-05 15:05:29,185 - WARNING - [processing_pipeline:206] - Coluna principal 'TELEFONE_03' não encontrada. Adicionada como vazia.
2025-08-05 15:05:29,185 - WARNING - [processing_pipeline:206] - Coluna principal 'TELEFONE_04' não encontrada. Adicionada como vazia.
2025-08-05 15:05:29,214 - INFO - [processing_pipeline:245] - >>> PIPELINE DE PROCESSAMENTO DE DADOS CONCLUÍDO <<<
2025-08-05 15:05:29,227 - INFO - [main:37] - --- ESTÁGIO 2 CONCLUÍDO ---
2025-08-05 15:05:29,227 - INFO - [main:42] - --- ESTÁGIO 3: Exportando arquivos finais ---
2025-08-05 15:05:29,227 - INFO - [data_exporter:14] - Iniciando exportação dos dados processados...
2025-08-05 15:05:29,230 - INFO - [data_exporter:30] - Encontrados 17 produtos únicos para particionamento.
2025-08-05 15:05:29,273 - INFO - [data_exporter:36] - Exportando 5321 linhas para o produto 'EAC' em 'data_output/Telecobranca_TOI_EAC_05_08_2025.csv'...
2025-08-05 15:05:29,361 - INFO - [data_exporter:36] - Exportando 245 linhas para o produto 'EMR' em 'data_output/Telecobranca_TOI_EMR_05_08_2025.csv'...
2025-08-05 15:05:29,366 - INFO - [data_exporter:36] - Exportando 5701 linhas para o produto 'EMS' em 'data_output/Telecobranca_TOI_EMS_05_08_2025.csv'...
2025-08-05 15:05:29,455 - INFO - [data_exporter:36] - Exportando 21777 linhas para o produto 'EMT' em 'data_output/Telecobranca_TOI_EMT_05_08_2025.csv'...
2025-08-05 15:05:29,803 - INFO - [data_exporter:36] - Exportando 14642 linhas para o produto 'EPB' em 'data_output/Telecobranca_TOI_EPB_05_08_2025.csv'...
2025-08-05 15:05:30,042 - INFO - [data_exporter:36] - Exportando 25924 linhas para o produto 'ERO' em 'data_output/Telecobranca_TOI_ERO_05_08_2025.csv'...
2025-08-05 15:05:30,449 - INFO - [data_exporter:36] - Exportando 8465 linhas para o produto 'ESE' em 'data_output/Telecobranca_TOI_ESE_05_08_2025.csv'...
2025-08-05 15:05:30,579 - INFO - [data_exporter:36] - Exportando 215 linhas para o produto 'ESS' em 'data_output/Telecobranca_TOI_ESS_05_08_2025.csv'...
2025-08-05 15:05:30,583 - INFO - [data_exporter:36] - Exportando 1037 linhas para o produto 'ETO' em 'data_output/Telecobranca_TOI_ETO_05_08_2025.csv'...
2025-08-05 15:05:30,600 - INFO - [data_exporter:36] - Exportando 1 linhas para o produto 'ï»¿EMR' em 'data_output/Telecobranca_TOI_ï»¿EMR_05_08_2025.csv'...
2025-08-05 15:05:30,600 - INFO - [data_exporter:36] - Exportando 1 linhas para o produto 'ï»¿EMS' em 'data_output/Telecobranca_TOI_ï»¿EMS_05_08_2025.csv'...
2025-08-05 15:05:30,601 - INFO - [data_exporter:36] - Exportando 1 linhas para o produto 'ï»¿EMT' em 'data_output/Telecobranca_TOI_ï»¿EMT_05_08_2025.csv'...
2025-08-05 15:05:30,602 - INFO - [data_exporter:36] - Exportando 1 linhas para o produto 'ï»¿EPB' em 'data_output/Telecobranca_TOI_ï»¿EPB_05_08_2025.csv'...
2025-08-05 15:05:30,602 - INFO - [data_exporter:36] - Exportando 1 linhas para o produto 'ï»¿ERO' em 'data_output/Telecobranca_TOI_ï»¿ERO_05_08_2025.csv'...
2025-08-05 15:05:30,603 - INFO - [data_exporter:36] - Exportando 1 linhas para o produto 'ï»¿ESE' em 'data_output/Telecobranca_TOI_ï»¿ESE_05_08_2025.csv'...
2025-08-05 15:05:30,603 - INFO - [data_exporter:36] - Exportando 1 linhas para o produto 'ï»¿ESS' em 'data_output/Telecobranca_TOI_ï»¿ESS_05_08_2025.csv'...
2025-08-05 15:05:30,604 - INFO - [data_exporter:36] - Exportando 1 linhas para o produto 'ï»¿ETO' em 'data_output/Telecobranca_TOI_ï»¿ETO_05_08_2025.csv'...
2025-08-05 15:05:30,604 - INFO - [data_exporter:39] - Exportação de dados concluída com sucesso.
2025-08-05 15:05:30,616 - INFO - [main:44] - --- ESTÁGIO 3 CONCLUÍDO ---
2025-08-05 15:05:30,616 - INFO - [main:53] - ============================== PROCESSO DE AUTOMAÇÃO CONCLUÍDO COM SUCESSO ==============================
2025-08-05 15:11:39,668 - INFO - [logger_setup:49] - Logger configurado com sucesso.
2025-08-05 15:11:39,668 - INFO - [main:27] - ============================== INÍCIO DO PROCESSO DE AUTOMAÇÃO ==============================
2025-08-05 15:11:39,669 - INFO - [state_manager:29] - Estado anterior carregado com sucesso de './state.json'.
2025-08-05 15:11:39,669 - INFO - [main:31] - --- ESTÁGIO 1: Carregando arquivos de dados ---
2025-08-05 15:11:39,669 - INFO - [data_loader:29] - Arquivo mais recente encontrado para 'MAILING_NUCLEO_*.xlsx': MAILING_NUCLEO_2025-08-04.xlsx
2025-08-05 15:11:39,669 - INFO - [data_loader:43] - Carregando arquivo Excel: MAILING_NUCLEO_2025-08-04.xlsx
2025-08-05 15:13:59,482 - INFO - [logger_setup:49] - Logger configurado com sucesso.
2025-08-05 15:13:59,482 - INFO - [main:27] - ============================== INÍCIO DO PROCESSO DE AUTOMAÇÃO ==============================
2025-08-05 15:13:59,482 - INFO - [state_manager:29] - Estado anterior carregado com sucesso de './state.json'.
2025-08-05 15:13:59,482 - INFO - [main:31] - --- ESTÁGIO 1: Carregando arquivos de dados ---
2025-08-05 15:13:59,482 - INFO - [data_loader:28] - Arquivo mais recente encontrado para 'MAILING_NUCLEO_*.xlsx': MAILING_NUCLEO_2025-08-04.xlsx
2025-08-05 15:13:59,482 - INFO - [data_loader:42] - Carregando arquivo Excel: MAILING_NUCLEO_2025-08-04.xlsx
2025-08-05 15:15:57,525 - INFO - [data_loader:70] - Procurando arquivos de pagamento com o padrão 'PAGOS_*.csv'
2025-08-05 15:15:57,526 - INFO - [data_loader:81] - Encontrados 9 arquivos de pagamento. Concatenando...
2025-08-05 15:16:05,740 - INFO - [data_loader:100] - Total de 7938289 registros de pagamento carregados.
2025-08-05 15:16:05,806 - WARNING - [data_loader:23] - Arquivo opcional com padrão 'Dump_TabAuto_*.txt' não encontrado em 'data_input'. Continuando.
2025-08-05 15:16:05,806 - WARNING - [data_loader:106] - Caminho do arquivo TXT não fornecido ou não existe: None. Retornando DataFrame vazio.
2025-08-05 15:16:05,806 - INFO - [data_loader:42] - Carregando arquivo Excel: Pontuação.xlsx
2025-08-05 15:16:14,777 - INFO - [data_loader:42] - Carregando arquivo Excel: Negociações SINED.xlsx
2025-08-05 15:16:31,089 - INFO - [data_loader:42] - Carregando arquivo Excel: Tabulações para Retirar.xlsx
2025-08-05 15:16:31,877 - INFO - [data_loader:140] - Todos os arquivos de dados foram carregados com sucesso.
2025-08-05 15:16:31,877 - INFO - [main:33] - --- ESTÁGIO 1 CONCLUÍDO ---
2025-08-05 15:16:31,877 - INFO - [main:35] - --- ESTÁGIO 2: Processando dados (Alquimia) ---
2025-08-05 15:16:31,877 - INFO - [processing_pipeline:218] - >>> INICIANDO PIPELINE DE PROCESSAMENTO DE DADOS <<<
2025-08-05 15:16:32,237 - INFO - [processing_pipeline:22] - Deduplicação: Removidos 170046 registros duplicados com base na coluna 'NCPF'.
2025-08-05 15:16:32,272 - INFO - [processing_pipeline:34] - Iniciando remoção de clientes com pagamentos registrados.
2025-08-05 15:17:10,354 - INFO - [processing_pipeline:60] - Remoção de Pagos: 0 registros removidos.
2025-08-05 15:17:10,674 - INFO - [processing_pipeline:71] - Enriquecendo base com a flag 'Cliente_Regulariza'.
2025-08-05 15:17:10,675 - ERROR - [processing_pipeline:78] - Coluna de merge 'UCV' não encontrada nos arquivos de mailing e/ou negociação. Pulando etapa.
2025-08-05 15:17:10,675 - INFO - [processing_pipeline:99] - Iniciando enriquecimento de telefones.
2025-08-05 15:17:10,675 - WARNING - [processing_pipeline:109] - Aba de pontuação está vazia ou não contém as colunas 'CPF', 'TELEFONE', 'PONTUACAO'. Pulando.
2025-08-05 15:17:10,675 - INFO - [processing_pipeline:152] - Calculando colunas agregadas.
2025-08-05 15:17:10,731 - INFO - [processing_pipeline:172] - Renomeando e formatando colunas para o layout final.
2025-08-05 15:17:10,731 - INFO - [processing_pipeline:194] - Reordenando colunas para o layout final.
2025-08-05 15:17:10,731 - WARNING - [processing_pipeline:206] - Coluna principal 'TELEFONE_01' não encontrada. Adicionada como vazia.
2025-08-05 15:17:10,732 - WARNING - [processing_pipeline:206] - Coluna principal 'TELEFONE_02' não encontrada. Adicionada como vazia.
2025-08-05 15:17:10,732 - WARNING - [processing_pipeline:206] - Coluna principal 'TELEFONE_03' não encontrada. Adicionada como vazia.
2025-08-05 15:17:10,732 - WARNING - [processing_pipeline:206] - Coluna principal 'TELEFONE_04' não encontrada. Adicionada como vazia.
2025-08-05 15:17:10,764 - INFO - [processing_pipeline:245] - >>> PIPELINE DE PROCESSAMENTO DE DADOS CONCLUÍDO <<<
2025-08-05 15:17:10,778 - INFO - [main:37] - --- ESTÁGIO 2 CONCLUÍDO ---
2025-08-05 15:17:10,778 - INFO - [main:42] - --- ESTÁGIO 3: Exportando arquivos finais ---
2025-08-05 15:17:10,778 - INFO - [data_exporter:14] - Iniciando exportação dos dados processados...
2025-08-05 15:17:10,782 - INFO - [data_exporter:30] - Encontrados 9 produtos únicos para particionamento.
2025-08-05 15:17:10,835 - INFO - [data_exporter:36] - Exportando 5321 linhas para o produto 'EAC' em 'data_output/Telecobranca_TOI_EAC_05_08_2025.csv'...
2025-08-05 15:17:10,922 - INFO - [data_exporter:36] - Exportando 246 linhas para o produto 'EMR' em 'data_output/Telecobranca_TOI_EMR_05_08_2025.csv'...
2025-08-05 15:17:10,927 - INFO - [data_exporter:36] - Exportando 5702 linhas para o produto 'EMS' em 'data_output/Telecobranca_TOI_EMS_05_08_2025.csv'...
2025-08-05 15:17:11,019 - INFO - [data_exporter:36] - Exportando 21778 linhas para o produto 'EMT' em 'data_output/Telecobranca_TOI_EMT_05_08_2025.csv'...
2025-08-05 15:17:11,381 - INFO - [data_exporter:36] - Exportando 14643 linhas para o produto 'EPB' em 'data_output/Telecobranca_TOI_EPB_05_08_2025.csv'...
2025-08-05 15:17:11,622 - INFO - [data_exporter:36] - Exportando 25925 linhas para o produto 'ERO' em 'data_output/Telecobranca_TOI_ERO_05_08_2025.csv'...
2025-08-05 15:17:12,044 - INFO - [data_exporter:36] - Exportando 8466 linhas para o produto 'ESE' em 'data_output/Telecobranca_TOI_ESE_05_08_2025.csv'...
2025-08-05 15:17:12,179 - INFO - [data_exporter:36] - Exportando 216 linhas para o produto 'ESS' em 'data_output/Telecobranca_TOI_ESS_05_08_2025.csv'...
2025-08-05 15:17:12,185 - INFO - [data_exporter:36] - Exportando 1038 linhas para o produto 'ETO' em 'data_output/Telecobranca_TOI_ETO_05_08_2025.csv'...
2025-08-05 15:17:12,202 - INFO - [data_exporter:39] - Exportação de dados concluída com sucesso.
2025-08-05 15:17:12,214 - INFO - [main:44] - --- ESTÁGIO 3 CONCLUÍDO ---
2025-08-05 15:17:12,214 - INFO - [main:53] - ============================== PROCESSO DE AUTOMAÇÃO CONCLUÍDO COM SUCESSO ==============================
2025-08-05 15:46:10,183 - INFO - [logger_setup:49] - Logger configurado com sucesso.
2025-08-05 15:46:10,184 - INFO - [main:27] - ============================== INÍCIO DO PROCESSO DE AUTOMAÇÃO ==============================
2025-08-05 15:46:10,184 - INFO - [state_manager:29] - Estado anterior carregado com sucesso de './state.json'.
2025-08-05 15:46:10,184 - INFO - [main:31] - --- ESTÁGIO 1: Carregando arquivos de dados ---
2025-08-05 15:46:10,184 - INFO - [data_loader:28] - Arquivo mais recente encontrado para 'MAILING_NUCLEO_*.xlsx': MAILING_NUCLEO_2025-08-04.xlsx
2025-08-05 15:46:10,184 - INFO - [data_loader:42] - Carregando arquivo Excel: MAILING_NUCLEO_2025-08-04.xlsx
2025-08-05 15:48:07,452 - INFO - [data_loader:70] - Procurando arquivos de pagamento com o padrão 'PAGOS_*.csv'
2025-08-05 15:48:07,452 - INFO - [data_loader:81] - Encontrados 9 arquivos de pagamento. Concatenando...
2025-08-05 15:48:14,728 - INFO - [data_loader:100] - Total de 7938289 registros de pagamento carregados.
2025-08-05 15:48:14,787 - WARNING - [data_loader:23] - Arquivo opcional com padrão 'Dump_TabAuto_*.txt' não encontrado em 'data_input'. Continuando.
2025-08-05 15:48:14,787 - WARNING - [data_loader:106] - Caminho do arquivo TXT não fornecido ou não existe: None. Retornando DataFrame vazio.
2025-08-05 15:48:14,788 - INFO - [data_loader:42] - Carregando arquivo Excel: Pontuação.xlsx
2025-08-05 15:48:23,407 - INFO - [data_loader:42] - Carregando arquivo Excel: Negociações SINED.xlsx
2025-08-05 15:48:39,303 - INFO - [data_loader:42] - Carregando arquivo Excel: Tabulações para Retirar.xlsx
2025-08-05 15:48:40,084 - INFO - [data_loader:140] - Todos os arquivos de dados foram carregados com sucesso.
2025-08-05 15:48:40,084 - INFO - [main:33] - --- ESTÁGIO 1 CONCLUÍDO ---
2025-08-05 15:48:40,085 - INFO - [main:35] - --- ESTÁGIO 2: Processando dados (Alquimia) ---
2025-08-05 15:48:40,085 - INFO - [processing_pipeline:208] - >>> INICIANDO PIPELINE DE PROCESSAMENTO DE DADOS <<<
2025-08-05 15:48:40,414 - INFO - [processing_pipeline:28] - Deduplicação: Removidos 170046 registros duplicados com base na coluna 'NCPF'.
2025-08-05 15:48:40,450 - INFO - [processing_pipeline:39] - Iniciando remoção de clientes com pagamentos registrados.
2025-08-05 15:49:18,252 - INFO - [processing_pipeline:60] - Remoção de Pagos: 0 registros removidos.
2025-08-05 15:49:18,607 - INFO - [processing_pipeline:70] - Enriquecendo base com a flag 'Cliente_Regulariza'.
2025-08-05 15:49:18,607 - ERROR - [processing_pipeline:76] - Coluna de merge 'UCV' não encontrada nos arquivos de mailing e/ou negociação. Pulando etapa.
2025-08-05 15:49:18,607 - INFO - [processing_pipeline:93] - Iniciando enriquecimento de telefones.
2025-08-05 15:49:18,608 - WARNING - [processing_pipeline:102] - Aba de pontuação está vazia ou não contém as colunas 'CPF', 'TELEFONE', 'PONTUACAO'. Pulando.
2025-08-05 15:49:18,608 - INFO - [processing_pipeline:149] - Calculando colunas agregadas.
2025-08-05 15:49:18,660 - INFO - [processing_pipeline:167] - Renomeando e formatando colunas para o layout final.
2025-08-05 15:49:18,661 - INFO - [processing_pipeline:187] - Reordenando colunas para o layout final.
2025-08-05 15:49:18,661 - WARNING - [processing_pipeline:198] - Coluna principal 'TELEFONE_01' não encontrada. Adicionada como vazia.
2025-08-05 15:49:18,661 - WARNING - [processing_pipeline:198] - Coluna principal 'TELEFONE_02' não encontrada. Adicionada como vazia.
2025-08-05 15:49:18,661 - WARNING - [processing_pipeline:198] - Coluna principal 'TELEFONE_03' não encontrada. Adicionada como vazia.
2025-08-05 15:49:18,661 - WARNING - [processing_pipeline:198] - Coluna principal 'TELEFONE_04' não encontrada. Adicionada como vazia.
2025-08-05 15:49:18,693 - INFO - [processing_pipeline:228] - >>> PIPELINE DE PROCESSAMENTO DE DADOS CONCLUÍDO <<<
2025-08-05 15:49:18,706 - INFO - [main:37] - --- ESTÁGIO 2 CONCLUÍDO ---
2025-08-05 15:49:18,706 - INFO - [main:42] - --- ESTÁGIO 3: Exportando arquivos finais ---
2025-08-05 15:49:18,706 - INFO - [data_exporter:14] - Iniciando exportação dos dados processados...
2025-08-05 15:49:18,710 - INFO - [data_exporter:30] - Encontrados 9 produtos únicos para particionamento.
2025-08-05 15:49:18,755 - INFO - [data_exporter:36] - Exportando 5321 linhas para o produto 'EAC' em 'data_output/Telecobranca_TOI_EAC_05_08_2025.csv'...
2025-08-05 15:49:18,845 - INFO - [data_exporter:36] - Exportando 246 linhas para o produto 'EMR' em 'data_output/Telecobranca_TOI_EMR_05_08_2025.csv'...
2025-08-05 15:49:18,850 - INFO - [data_exporter:36] - Exportando 5702 linhas para o produto 'EMS' em 'data_output/Telecobranca_TOI_EMS_05_08_2025.csv'...
2025-08-05 15:49:18,943 - INFO - [data_exporter:36] - Exportando 21778 linhas para o produto 'EMT' em 'data_output/Telecobranca_TOI_EMT_05_08_2025.csv'...
2025-08-05 15:49:19,306 - INFO - [data_exporter:36] - Exportando 14643 linhas para o produto 'EPB' em 'data_output/Telecobranca_TOI_EPB_05_08_2025.csv'...
2025-08-05 15:49:19,553 - INFO - [data_exporter:36] - Exportando 25925 linhas para o produto 'ERO' em 'data_output/Telecobranca_TOI_ERO_05_08_2025.csv'...
2025-08-05 15:49:19,979 - INFO - [data_exporter:36] - Exportando 8466 linhas para o produto 'ESE' em 'data_output/Telecobranca_TOI_ESE_05_08_2025.csv'...
2025-08-05 15:49:20,115 - INFO - [data_exporter:36] - Exportando 216 linhas para o produto 'ESS' em 'data_output/Telecobranca_TOI_ESS_05_08_2025.csv'...
2025-08-05 15:49:20,120 - INFO - [data_exporter:36] - Exportando 1038 linhas para o produto 'ETO' em 'data_output/Telecobranca_TOI_ETO_05_08_2025.csv'...
2025-08-05 15:49:20,137 - INFO - [data_exporter:39] - Exportação de dados concluída com sucesso.
2025-08-05 15:49:20,150 - INFO - [main:44] - --- ESTÁGIO 3 CONCLUÍDO ---
2025-08-05 15:49:20,150 - INFO - [main:53] - ============================== PROCESSO DE AUTOMAÇÃO CONCLUÍDO COM SUCESSO ==============================
2025-08-05 16:05:24,378 - INFO - [logger_setup:49] - Logger configurado com sucesso.
2025-08-05 16:05:24,378 - INFO - [main:27] - ============================== INÍCIO DO PROCESSO DE AUTOMAÇÃO ==============================
2025-08-05 16:05:24,378 - INFO - [state_manager:29] - Estado anterior carregado com sucesso de './state.json'.
2025-08-05 16:05:24,378 - INFO - [main:31] - --- ESTÁGIO 1: Carregando arquivos de dados ---
2025-08-05 16:05:24,378 - INFO - [data_loader:28] - Arquivo mais recente encontrado para 'MAILING_NUCLEO_*.xlsx': MAILING_NUCLEO_2025-08-04.xlsx
2025-08-05 16:05:24,378 - INFO - [data_loader:42] - Carregando arquivo Excel: MAILING_NUCLEO_2025-08-04.xlsx
2025-08-05 16:07:21,990 - INFO - [data_loader:70] - Procurando arquivos de pagamento com o padrão 'PAGOS_*.csv'
2025-08-05 16:07:21,991 - INFO - [data_loader:81] - Encontrados 9 arquivos de pagamento. Concatenando...
2025-08-05 16:07:30,456 - INFO - [data_loader:100] - Total de 7938289 registros de pagamento carregados.
2025-08-05 16:07:30,526 - WARNING - [data_loader:23] - Arquivo opcional com padrão 'Dump_TabAuto_*.txt' não encontrado em 'data_input'. Continuando.
2025-08-05 16:07:30,526 - WARNING - [data_loader:106] - Caminho do arquivo TXT não fornecido ou não existe: None. Retornando DataFrame vazio.
2025-08-05 16:07:30,526 - INFO - [data_loader:42] - Carregando arquivo Excel: Pontuação.xlsx
2025-08-05 16:07:39,629 - INFO - [data_loader:42] - Carregando arquivo Excel: Negociações SINED.xlsx
2025-08-05 16:07:57,174 - INFO - [data_loader:42] - Carregando arquivo Excel: Tabulações para Retirar.xlsx
2025-08-05 16:07:57,951 - INFO - [data_loader:140] - Todos os arquivos de dados foram carregados com sucesso.
2025-08-05 16:07:57,951 - INFO - [main:33] - --- ESTÁGIO 1 CONCLUÍDO ---
2025-08-05 16:07:57,951 - INFO - [main:35] - --- ESTÁGIO 2: Processando dados (Alquimia) ---
2025-08-05 16:07:57,951 - INFO - [processing_pipeline:232] - >>> INICIANDO PIPELINE DE PROCESSAMENTO DE DADOS <<<
2025-08-05 16:07:58,281 - INFO - [processing_pipeline:35] - Deduplicação: Removidos 170046 registros duplicados com base na coluna 'ncpf'.
2025-08-05 16:07:58,316 - INFO - [processing_pipeline:47] - Iniciando remoção de clientes com pagamentos registrados.
2025-08-05 16:08:36,884 - INFO - [processing_pipeline:69] - Remoção de Pagos: 0 registros removidos.
2025-08-05 16:08:37,177 - INFO - [processing_pipeline:80] - Enriquecendo base com a flag 'cliente_regulariza'.
2025-08-05 16:08:37,570 - INFO - [processing_pipeline:104] - Iniciando enriquecimento de telefones.
2025-08-05 16:08:37,712 - INFO - [processing_pipeline:132] - Encontrados 228304 telefones com pontuação em 169851 documentos únicos.
2025-08-05 16:08:39,619 - INFO - [processing_pipeline:143] - Junção com base de pontuação resultou em 6 clientes com correspondência de telefone.
2025-08-05 16:08:46,029 - INFO - [processing_pipeline:162] - Total de 1029 clientes tiveram pelo menos o TELEFONE_01 preenchido.
2025-08-05 16:08:46,101 - INFO - [processing_pipeline:168] - Calculando colunas agregadas.
2025-08-05 16:08:46,152 - INFO - [processing_pipeline:187] - Renomeando e formatando colunas para o layout final.
2025-08-05 16:08:46,153 - INFO - [processing_pipeline:210] - Reordenando colunas para o layout final.
2025-08-05 16:08:46,153 - WARNING - [processing_pipeline:221] - Coluna principal 'LOCALIDADE' não encontrada. Adicionada como vazia.
2025-08-05 16:08:46,184 - INFO - [processing_pipeline:258] - >>> PIPELINE DE PROCESSAMENTO DE DADOS CONCLUÍDO <<<
2025-08-05 16:08:46,199 - INFO - [main:37] - --- ESTÁGIO 2 CONCLUÍDO ---
2025-08-05 16:08:46,199 - INFO - [main:42] - --- ESTÁGIO 3: Exportando arquivos finais ---
2025-08-05 16:08:46,199 - INFO - [data_exporter:14] - Iniciando exportação dos dados processados...
2025-08-05 16:08:46,202 - INFO - [data_exporter:30] - Encontrados 9 produtos únicos para particionamento.
2025-08-05 16:08:46,248 - INFO - [data_exporter:36] - Exportando 5321 linhas para o produto 'EAC' em 'data_output/Telecobranca_TOI_EAC_05_08_2025.csv'...
2025-08-05 16:08:46,338 - INFO - [data_exporter:36] - Exportando 246 linhas para o produto 'EMR' em 'data_output/Telecobranca_TOI_EMR_05_08_2025.csv'...
2025-08-05 16:08:46,343 - INFO - [data_exporter:36] - Exportando 5702 linhas para o produto 'EMS' em 'data_output/Telecobranca_TOI_EMS_05_08_2025.csv'...
2025-08-05 16:08:46,435 - INFO - [data_exporter:36] - Exportando 21778 linhas para o produto 'EMT' em 'data_output/Telecobranca_TOI_EMT_05_08_2025.csv'...
2025-08-05 16:08:46,799 - INFO - [data_exporter:36] - Exportando 14643 linhas para o produto 'EPB' em 'data_output/Telecobranca_TOI_EPB_05_08_2025.csv'...
2025-08-05 16:08:47,036 - INFO - [data_exporter:36] - Exportando 25925 linhas para o produto 'ERO' em 'data_output/Telecobranca_TOI_ERO_05_08_2025.csv'...
2025-08-05 16:08:47,456 - INFO - [data_exporter:36] - Exportando 8466 linhas para o produto 'ESE' em 'data_output/Telecobranca_TOI_ESE_05_08_2025.csv'...
2025-08-05 16:08:47,590 - INFO - [data_exporter:36] - Exportando 216 linhas para o produto 'ESS' em 'data_output/Telecobranca_TOI_ESS_05_08_2025.csv'...
2025-08-05 16:08:47,594 - INFO - [data_exporter:36] - Exportando 1038 linhas para o produto 'ETO' em 'data_output/Telecobranca_TOI_ETO_05_08_2025.csv'...
2025-08-05 16:08:47,611 - INFO - [data_exporter:39] - Exportação de dados concluída com sucesso.
2025-08-05 16:08:47,625 - INFO - [main:44] - --- ESTÁGIO 3 CONCLUÍDO ---
2025-08-05 16:08:47,625 - INFO - [main:53] - ============================== PROCESSO DE AUTOMAÇÃO CONCLUÍDO COM SUCESSO ==============================
2025-08-05 16:28:46,158 - INFO - [logger_setup:49] - Logger configurado com sucesso.
2025-08-05 16:28:46,158 - INFO - [main:27] - ============================== INÍCIO DO PROCESSO DE AUTOMAÇÃO ==============================
2025-08-05 16:28:46,158 - INFO - [state_manager:29] - Estado anterior carregado com sucesso de './state.json'.
2025-08-05 16:28:46,158 - INFO - [main:31] - --- ESTÁGIO 1: Carregando arquivos de dados ---
2025-08-05 16:28:46,158 - INFO - [data_loader:28] - Arquivo mais recente encontrado para 'MAILING_NUCLEO_*.xlsx': MAILING_NUCLEO_2025-08-04.xlsx
2025-08-05 16:28:46,158 - INFO - [data_loader:42] - Carregando arquivo Excel: MAILING_NUCLEO_2025-08-04.xlsx
2025-08-05 16:30:43,466 - INFO - [data_loader:70] - Procurando arquivos de pagamento com o padrão 'PAGOS_*.csv'
2025-08-05 16:30:43,467 - INFO - [data_loader:81] - Encontrados 9 arquivos de pagamento. Concatenando...
2025-08-05 16:30:51,257 - INFO - [data_loader:100] - Total de 7938289 registros de pagamento carregados.
2025-08-05 16:30:51,316 - WARNING - [data_loader:23] - Arquivo opcional com padrão 'Dump_TabAuto_*.txt' não encontrado em 'data_input'. Continuando.
2025-08-05 16:30:51,316 - WARNING - [data_loader:106] - Caminho do arquivo TXT não fornecido ou não existe: None. Retornando DataFrame vazio.
2025-08-05 16:30:51,316 - INFO - [data_loader:42] - Carregando arquivo Excel: Pontuação.xlsx
2025-08-05 16:31:00,085 - INFO - [data_loader:42] - Carregando arquivo Excel: Negociações SINED.xlsx
2025-08-05 16:31:16,031 - INFO - [data_loader:42] - Carregando arquivo Excel: Tabulações para Retirar.xlsx
2025-08-05 16:31:16,813 - INFO - [data_loader:140] - Todos os arquivos de dados foram carregados com sucesso.
2025-08-05 16:31:16,813 - INFO - [main:33] - --- ESTÁGIO 1 CONCLUÍDO ---
2025-08-05 16:31:16,813 - INFO - [main:35] - --- ESTÁGIO 2: Processando dados (Alquimia) ---
2025-08-05 16:31:16,813 - INFO - [processing_pipeline:226] - >>> INICIANDO PIPELINE DE PROCESSAMENTO DE DADOS <<<
2025-08-05 16:31:17,149 - INFO - [processing_pipeline:39] - Deduplicação: Removidos 170046 registros duplicados com base na coluna 'ncpf'.
2025-08-05 16:31:17,186 - INFO - [processing_pipeline:50] - Iniciando remoção de clientes com pagamentos registrados.
2025-08-05 16:31:59,888 - INFO - [processing_pipeline:71] - Remoção de Pagos: 0 registros removidos.
2025-08-05 16:32:00,196 - INFO - [processing_pipeline:81] - Enriquecendo base com a flag 'cliente_regulariza'.
2025-08-05 16:32:00,707 - INFO - [processing_pipeline:103] - Iniciando enriquecimento de telefones.
2025-08-05 16:32:01,060 - INFO - [processing_pipeline:129] - Encontrados 228304 telefones com pontuação em 169851 documentos únicos.
2025-08-05 16:32:03,067 - INFO - [processing_pipeline:140] - Junção com base de pontuação resultou em 6 clientes com correspondência de telefone.
2025-08-05 16:32:11,591 - INFO - [processing_pipeline:161] - Total de 77354 clientes tiveram pelo menos o TELEFONE_01 preenchido.
2025-08-05 16:32:11,678 - INFO - [processing_pipeline:166] - Calculando colunas agregadas.
2025-08-05 16:32:11,732 - INFO - [processing_pipeline:184] - Renomeando e formatando colunas para o layout final.
2025-08-05 16:32:11,732 - INFO - [processing_pipeline:205] - Reordenando colunas para o layout final.
2025-08-05 16:32:11,732 - WARNING - [processing_pipeline:216] - Coluna principal 'LOCALIDADE' não encontrada. Adicionada como vazia.
2025-08-05 16:32:11,770 - INFO - [processing_pipeline:251] - >>> PIPELINE DE PROCESSAMENTO DE DADOS CONCLUÍDO <<<
2025-08-05 16:32:11,786 - INFO - [main:37] - --- ESTÁGIO 2 CONCLUÍDO ---
2025-08-05 16:32:11,786 - INFO - [main:42] - --- ESTÁGIO 3: Exportando arquivos finais ---
2025-08-05 16:32:11,786 - INFO - [data_exporter:14] - Iniciando exportação dos dados processados...
2025-08-05 16:32:11,790 - INFO - [data_exporter:30] - Encontrados 9 produtos únicos para particionamento.
2025-08-05 16:32:11,844 - INFO - [data_exporter:36] - Exportando 5321 linhas para o produto 'EAC' em 'data_output/Telecobranca_TOI_EAC_05_08_2025.csv'...
2025-08-05 16:32:11,940 - INFO - [data_exporter:36] - Exportando 246 linhas para o produto 'EMR' em 'data_output/Telecobranca_TOI_EMR_05_08_2025.csv'...
2025-08-05 16:32:11,945 - INFO - [data_exporter:36] - Exportando 5702 linhas para o produto 'EMS' em 'data_output/Telecobranca_TOI_EMS_05_08_2025.csv'...
2025-08-05 16:32:12,059 - INFO - [data_exporter:36] - Exportando 21778 linhas para o produto 'EMT' em 'data_output/Telecobranca_TOI_EMT_05_08_2025.csv'...
2025-08-05 16:32:12,494 - INFO - [data_exporter:36] - Exportando 14643 linhas para o produto 'EPB' em 'data_output/Telecobranca_TOI_EPB_05_08_2025.csv'...
2025-08-05 16:32:12,745 - INFO - [data_exporter:36] - Exportando 25925 linhas para o produto 'ERO' em 'data_output/Telecobranca_TOI_ERO_05_08_2025.csv'...
2025-08-05 16:32:13,246 - INFO - [data_exporter:36] - Exportando 8466 linhas para o produto 'ESE' em 'data_output/Telecobranca_TOI_ESE_05_08_2025.csv'...
2025-08-05 16:32:13,411 - INFO - [data_exporter:36] - Exportando 216 linhas para o produto 'ESS' em 'data_output/Telecobranca_TOI_ESS_05_08_2025.csv'...
2025-08-05 16:32:13,417 - INFO - [data_exporter:36] - Exportando 1038 linhas para o produto 'ETO' em 'data_output/Telecobranca_TOI_ETO_05_08_2025.csv'...
2025-08-05 16:32:13,440 - INFO - [data_exporter:39] - Exportação de dados concluída com sucesso.
2025-08-05 16:32:13,456 - INFO - [main:44] - --- ESTÁGIO 3 CONCLUÍDO ---
2025-08-05 16:32:13,457 - INFO - [main:53] - ============================== PROCESSO DE AUTOMAÇÃO CONCLUÍDO COM SUCESSO ==============================
2025-08-05 16:54:14,497 - INFO - [logger_setup:49] - Logger configurado com sucesso.
2025-08-05 16:54:14,497 - INFO - [main:27] - ============================== INÍCIO DO PROCESSO DE AUTOMAÇÃO ==============================
2025-08-05 16:54:14,497 - INFO - [state_manager:29] - Estado anterior carregado com sucesso de './state.json'.
2025-08-05 16:54:14,497 - INFO - [main:31] - --- ESTÁGIO 1: Carregando arquivos de dados ---
2025-08-05 16:54:14,497 - INFO - [data_loader:28] - Arquivo mais recente encontrado para 'MAILING_NUCLEO_*.xlsx': MAILING_NUCLEO_2025-08-04.xlsx
2025-08-05 16:54:14,497 - INFO - [data_loader:42] - Carregando arquivo Excel: MAILING_NUCLEO_2025-08-04.xlsx
2025-08-05 16:56:12,060 - INFO - [data_loader:70] - Procurando arquivos de pagamento com o padrão 'PAGOS_*.csv'
2025-08-05 16:56:12,060 - INFO - [data_loader:81] - Encontrados 9 arquivos de pagamento. Concatenando...
2025-08-05 16:56:20,201 - INFO - [data_loader:100] - Total de 7938289 registros de pagamento carregados.
2025-08-05 16:56:20,265 - WARNING - [data_loader:23] - Arquivo opcional com padrão 'Dump_TabAuto_*.txt' não encontrado em 'data_input'. Continuando.
2025-08-05 16:56:20,265 - WARNING - [data_loader:106] - Caminho do arquivo TXT não fornecido ou não existe: None. Retornando DataFrame vazio.
2025-08-05 16:56:20,266 - INFO - [data_loader:42] - Carregando arquivo Excel: Pontuação.xlsx
2025-08-05 16:56:28,911 - INFO - [data_loader:42] - Carregando arquivo Excel: Negociações SINED.xlsx
2025-08-05 16:56:44,855 - INFO - [data_loader:42] - Carregando arquivo Excel: Tabulações para Retirar.xlsx
2025-08-05 16:56:45,633 - INFO - [data_loader:140] - Todos os arquivos de dados foram carregados com sucesso.
2025-08-05 16:56:45,633 - INFO - [main:33] - --- ESTÁGIO 1 CONCLUÍDO ---
2025-08-05 16:56:45,633 - INFO - [main:35] - --- ESTÁGIO 2: Processando dados (Alquimia) ---
2025-08-05 16:56:45,633 - INFO - [processing_pipeline:225] - >>> INICIANDO PIPELINE DE PROCESSAMENTO DE DADOS <<<
2025-08-05 16:56:46,017 - INFO - [processing_pipeline:38] - Deduplicação: Removidos 170046 registros duplicados com base na coluna 'ncpf'.
2025-08-05 16:56:46,053 - INFO - [processing_pipeline:49] - Iniciando remoção de clientes com pagamentos registrados.
2025-08-05 16:57:25,743 - INFO - [processing_pipeline:70] - Remoção de Pagos: 0 registros removidos.
2025-08-05 16:57:26,040 - INFO - [processing_pipeline:80] - Enriquecendo base com a flag 'cliente_regulariza'.
2025-08-05 16:57:26,438 - INFO - [processing_pipeline:102] - Iniciando enriquecimento de telefones.
2025-08-05 16:57:26,765 - INFO - [processing_pipeline:128] - Encontrados 228304 telefones com pontuação em 169851 documentos únicos.
2025-08-05 16:57:28,664 - INFO - [processing_pipeline:139] - Junção com base de pontuação resultou em 6 clientes com correspondência de telefone.
2025-08-05 16:57:36,731 - INFO - [processing_pipeline:160] - Total de 0 clientes tiveram a coluna TELEFONE_04 preenchida.
2025-08-05 16:57:36,808 - INFO - [processing_pipeline:165] - Calculando colunas agregadas.
2025-08-05 16:57:36,861 - INFO - [processing_pipeline:183] - Renomeando e formatando colunas para o layout final.
2025-08-05 16:57:36,861 - INFO - [processing_pipeline:204] - Reordenando colunas para o layout final.
2025-08-05 16:57:36,862 - WARNING - [processing_pipeline:215] - Coluna principal 'LOCALIDADE' não encontrada. Adicionada como vazia.
2025-08-05 16:57:36,897 - INFO - [processing_pipeline:250] - >>> PIPELINE DE PROCESSAMENTO DE DADOS CONCLUÍDO <<<
2025-08-05 16:57:36,912 - INFO - [main:37] - --- ESTÁGIO 2 CONCLUÍDO ---
2025-08-05 16:57:36,912 - INFO - [main:42] - --- ESTÁGIO 3: Exportando arquivos finais ---
2025-08-05 16:57:36,912 - INFO - [data_exporter:14] - Iniciando exportação dos dados processados...
2025-08-05 16:57:36,915 - INFO - [data_exporter:31] - Encontrados 9 produtos únicos para particionamento.
2025-08-05 16:57:36,965 - INFO - [data_exporter:39] - Exportando 5321 linhas para o produto 'EAC' em 'data_output/Telecobranca_TOI_EAC_05_08_2025.csv'...
2025-08-05 16:57:36,966 - CRITICAL - [main:59] - ERRO INESPERADO E NÃO TRATADO NO FLUXO PRINCIPAL: NDFrame.to_csv() got an unexpected keyword argument 'line_terminator'
Traceback (most recent call last):
  File "/home/vitoriamaria/Documentos/Controle de Bordo/Trabalhos/Energisa/automação/automacao_energisa/main.py", line 43, in main
    exportar_dados(df_final, config)
  File "/home/vitoriamaria/Documentos/Controle de Bordo/Trabalhos/Energisa/automação/automacao_energisa/src/data_exporter.py", line 41, in exportar_dados
    data.to_csv(output_path, sep=';', index=False, encoding='utf-8-sig', line_terminator='\r\n')
  File "/home/vitoriamaria/Documentos/Controle de Bordo/Trabalhos/Energisa/automação/automacao_energisa/venv/lib/python3.10/site-packages/pandas/util/_decorators.py", line 333, in wrapper
    return func(*args, **kwargs)
TypeError: NDFrame.to_csv() got an unexpected keyword argument 'line_terminator'
2025-08-05 16:57:36,968 - CRITICAL - [main:69] - O processo foi interrompido devido a um erro crítico.
2025-08-05 17:05:09,206 - INFO - [logger_setup:49] - Logger configurado com sucesso.
2025-08-05 17:05:09,206 - INFO - [main:27] - ============================== INÍCIO DO PROCESSO DE AUTOMAÇÃO ==============================
2025-08-05 17:05:09,206 - INFO - [state_manager:29] - Estado anterior carregado com sucesso de './state.json'.
2025-08-05 17:05:09,206 - INFO - [main:31] - --- ESTÁGIO 1: Carregando arquivos de dados ---
2025-08-05 17:05:09,206 - INFO - [data_loader:28] - Arquivo mais recente encontrado para 'MAILING_NUCLEO_*.xlsx': MAILING_NUCLEO_2025-08-04.xlsx
2025-08-05 17:05:09,206 - INFO - [data_loader:42] - Carregando arquivo Excel: MAILING_NUCLEO_2025-08-04.xlsx
2025-08-05 17:07:05,260 - INFO - [data_loader:70] - Procurando arquivos de pagamento com o padrão 'PAGOS_*.csv'
2025-08-05 17:07:05,261 - INFO - [data_loader:81] - Encontrados 9 arquivos de pagamento. Concatenando...
2025-08-05 17:07:13,724 - INFO - [data_loader:100] - Total de 7938289 registros de pagamento carregados.
2025-08-05 17:07:13,786 - WARNING - [data_loader:23] - Arquivo opcional com padrão 'Dump_TabAuto_*.txt' não encontrado em 'data_input'. Continuando.
2025-08-05 17:07:13,786 - WARNING - [data_loader:106] - Caminho do arquivo TXT não fornecido ou não existe: None. Retornando DataFrame vazio.
2025-08-05 17:07:13,787 - INFO - [data_loader:42] - Carregando arquivo Excel: Pontuação.xlsx
2025-08-05 17:07:22,403 - INFO - [data_loader:42] - Carregando arquivo Excel: Negociações SINED.xlsx
2025-08-05 17:07:37,987 - INFO - [data_loader:42] - Carregando arquivo Excel: Tabulações para Retirar.xlsx
2025-08-05 17:07:38,760 - INFO - [data_loader:140] - Todos os arquivos de dados foram carregados com sucesso.
2025-08-05 17:07:38,760 - INFO - [main:33] - --- ESTÁGIO 1 CONCLUÍDO ---
2025-08-05 17:07:38,760 - INFO - [main:35] - --- ESTÁGIO 2: Processando dados (Alquimia) ---
2025-08-05 17:07:38,760 - INFO - [processing_pipeline:225] - >>> INICIANDO PIPELINE DE PROCESSAMENTO DE DADOS <<<
2025-08-05 17:07:39,093 - INFO - [processing_pipeline:38] - Deduplicação: Removidos 170046 registros duplicados com base na coluna 'ncpf'.
2025-08-05 17:07:39,127 - INFO - [processing_pipeline:49] - Iniciando remoção de clientes com pagamentos registrados.
2025-08-05 17:08:18,737 - INFO - [processing_pipeline:70] - Remoção de Pagos: 0 registros removidos.
2025-08-05 17:08:19,038 - INFO - [processing_pipeline:80] - Enriquecendo base com a flag 'cliente_regulariza'.
2025-08-05 17:08:19,438 - INFO - [processing_pipeline:102] - Iniciando enriquecimento de telefones.
2025-08-05 17:08:19,776 - INFO - [processing_pipeline:128] - Encontrados 228304 telefones com pontuação em 169851 documentos únicos.
2025-08-05 17:08:21,663 - INFO - [processing_pipeline:139] - Junção com base de pontuação resultou em 6 clientes com correspondência de telefone.
2025-08-05 17:08:30,402 - INFO - [processing_pipeline:160] - Total de 0 clientes tiveram a coluna TELEFONE_04 preenchida.
2025-08-05 17:08:30,479 - INFO - [processing_pipeline:165] - Calculando colunas agregadas.
2025-08-05 17:08:30,528 - INFO - [processing_pipeline:183] - Renomeando e formatando colunas para o layout final.
2025-08-05 17:08:30,528 - INFO - [processing_pipeline:204] - Reordenando colunas para o layout final.
2025-08-05 17:08:30,528 - WARNING - [processing_pipeline:215] - Coluna principal 'LOCALIDADE' não encontrada. Adicionada como vazia.
2025-08-05 17:08:30,564 - INFO - [processing_pipeline:250] - >>> PIPELINE DE PROCESSAMENTO DE DADOS CONCLUÍDO <<<
2025-08-05 17:08:30,580 - INFO - [main:37] - --- ESTÁGIO 2 CONCLUÍDO ---
2025-08-05 17:08:30,580 - INFO - [main:42] - --- ESTÁGIO 3: Exportando arquivos finais ---
2025-08-05 17:08:30,580 - INFO - [data_exporter:14] - Iniciando exportação dos dados processados...
2025-08-05 17:08:30,583 - INFO - [data_exporter:31] - Encontrados 9 produtos únicos para particionamento.
2025-08-05 17:08:30,632 - INFO - [data_exporter:39] - Exportando 5321 linhas para o produto 'EAC' em 'data_output/Telecobranca_TOI_EAC_05_08_2025.csv'...
2025-08-05 17:08:30,633 - CRITICAL - [main:59] - ERRO INESPERADO E NÃO TRATADO NO FLUXO PRINCIPAL: NDFrame.to_csv() got an unexpected keyword argument 'line_terminator'
Traceback (most recent call last):
  File "/home/vitoriamaria/Documentos/Controle de Bordo/Trabalhos/Energisa/automação/automacao_energisa/main.py", line 43, in main
    exportar_dados(df_final, config)
  File "/home/vitoriamaria/Documentos/Controle de Bordo/Trabalhos/Energisa/automação/automacao_energisa/src/data_exporter.py", line 41, in exportar_dados
    data.to_csv(output_path, sep=';', index=False, encoding='utf-8-sig', line_terminator='\r\n')
  File "/home/vitoriamaria/Documentos/Controle de Bordo/Trabalhos/Energisa/automação/automacao_energisa/venv/lib/python3.10/site-packages/pandas/util/_decorators.py", line 333, in wrapper
    return func(*args, **kwargs)
TypeError: NDFrame.to_csv() got an unexpected keyword argument 'line_terminator'
2025-08-05 17:08:30,634 - CRITICAL - [main:69] - O processo foi interrompido devido a um erro crítico.
2025-08-05 17:18:13,740 - INFO - [logger_setup:49] - Logger configurado com sucesso.
2025-08-05 17:18:13,740 - INFO - [main:27] - ============================== INÍCIO DO PROCESSO DE AUTOMAÇÃO ==============================
2025-08-05 17:18:13,740 - INFO - [state_manager:29] - Estado anterior carregado com sucesso de './state.json'.
2025-08-05 17:18:13,740 - INFO - [main:31] - --- ESTÁGIO 1: Carregando arquivos de dados ---
2025-08-05 17:18:13,741 - INFO - [data_loader:28] - Arquivo mais recente encontrado para 'MAILING_NUCLEO_*.xlsx': MAILING_NUCLEO_2025-08-04.xlsx
2025-08-05 17:18:13,741 - INFO - [data_loader:42] - Carregando arquivo Excel: MAILING_NUCLEO_2025-08-04.xlsx
2025-08-05 17:20:11,653 - INFO - [data_loader:70] - Procurando arquivos de pagamento com o padrão 'PAGOS_*.csv'
2025-08-05 17:20:11,654 - INFO - [data_loader:81] - Encontrados 9 arquivos de pagamento. Concatenando...
2025-08-05 17:20:19,922 - INFO - [data_loader:100] - Total de 7938289 registros de pagamento carregados.
2025-08-05 17:20:19,983 - WARNING - [data_loader:23] - Arquivo opcional com padrão 'Dump_TabAuto_*.txt' não encontrado em 'data_input'. Continuando.
2025-08-05 17:20:19,983 - WARNING - [data_loader:106] - Caminho do arquivo TXT não fornecido ou não existe: None. Retornando DataFrame vazio.
2025-08-05 17:20:19,984 - INFO - [data_loader:42] - Carregando arquivo Excel: Pontuação.xlsx
2025-08-05 17:20:28,604 - INFO - [data_loader:42] - Carregando arquivo Excel: Negociações SINED.xlsx
2025-08-05 17:20:44,559 - INFO - [data_loader:42] - Carregando arquivo Excel: Tabulações para Retirar.xlsx
2025-08-05 17:20:45,342 - INFO - [data_loader:140] - Todos os arquivos de dados foram carregados com sucesso.
2025-08-05 17:20:45,342 - INFO - [main:33] - --- ESTÁGIO 1 CONCLUÍDO ---
2025-08-05 17:20:45,342 - INFO - [main:35] - --- ESTÁGIO 2: Processando dados (Alquimia) ---
2025-08-05 17:20:45,342 - INFO - [processing_pipeline:229] - >>> INICIANDO PIPELINE DE PROCESSAMENTO DE DADOS <<<
2025-08-05 17:20:45,706 - INFO - [processing_pipeline:38] - Deduplicação: Removidos 170046 registros duplicados com base na coluna 'ncpf'.
2025-08-05 17:20:45,741 - INFO - [processing_pipeline:49] - Iniciando remoção de clientes com pagamentos registrados.
2025-08-05 17:21:24,827 - INFO - [processing_pipeline:70] - Remoção de Pagos: 0 registros removidos.
2025-08-05 17:21:25,128 - INFO - [processing_pipeline:80] - Enriquecendo base com a flag 'cliente_regulariza'.
2025-08-05 17:21:25,527 - INFO - [processing_pipeline:102] - Iniciando enriquecimento de telefones.
2025-08-05 17:21:25,833 - INFO - [processing_pipeline:128] - Encontrados 228304 telefones com pontuação em 169861 documentos únicos.
2025-08-05 17:21:27,636 - INFO - [processing_pipeline:144] - Junção com base de pontuação (usando NDOC) resultou em 660 clientes com correspondência de telefone.
2025-08-05 17:21:35,767 - INFO - [processing_pipeline:164] - Total de 47 clientes tiveram a coluna TELEFONE_04 preenchida.
2025-08-05 17:21:35,846 - INFO - [processing_pipeline:169] - Calculando colunas agregadas.
2025-08-05 17:21:35,898 - INFO - [processing_pipeline:187] - Renomeando e formatando colunas para o layout final.
2025-08-05 17:21:35,898 - INFO - [processing_pipeline:208] - Reordenando colunas para o layout final.
2025-08-05 17:21:35,933 - INFO - [processing_pipeline:254] - >>> PIPELINE DE PROCESSAMENTO DE DADOS CONCLUÍDO <<<
2025-08-05 17:21:35,948 - INFO - [main:37] - --- ESTÁGIO 2 CONCLUÍDO ---
2025-08-05 17:21:35,949 - INFO - [main:42] - --- ESTÁGIO 3: Exportando arquivos finais ---
2025-08-05 17:21:35,949 - INFO - [data_exporter:10] - Iniciando exportação dos dados processados...
2025-08-05 17:21:35,952 - INFO - [data_exporter:27] - Encontrados 9 produtos únicos para particionamento.
2025-08-05 17:21:36,001 - INFO - [data_exporter:34] - Exportando 5321 linhas para o produto 'EAC' em 'data_output/Telecobranca_TOI_EAC_05_08_2025.csv'...
2025-08-05 17:21:36,095 - INFO - [data_exporter:34] - Exportando 246 linhas para o produto 'EMR' em 'data_output/Telecobranca_TOI_EMR_05_08_2025.csv'...
2025-08-05 17:21:36,100 - INFO - [data_exporter:34] - Exportando 5702 linhas para o produto 'EMS' em 'data_output/Telecobranca_TOI_EMS_05_08_2025.csv'...
2025-08-05 17:21:36,192 - INFO - [data_exporter:34] - Exportando 21778 linhas para o produto 'EMT' em 'data_output/Telecobranca_TOI_EMT_05_08_2025.csv'...
2025-08-05 17:21:36,554 - INFO - [data_exporter:34] - Exportando 14643 linhas para o produto 'EPB' em 'data_output/Telecobranca_TOI_EPB_05_08_2025.csv'...
2025-08-05 17:21:36,788 - INFO - [data_exporter:34] - Exportando 25925 linhas para o produto 'ERO' em 'data_output/Telecobranca_TOI_ERO_05_08_2025.csv'...
2025-08-05 17:21:37,203 - INFO - [data_exporter:34] - Exportando 8466 linhas para o produto 'ESE' em 'data_output/Telecobranca_TOI_ESE_05_08_2025.csv'...
2025-08-05 17:21:37,335 - INFO - [data_exporter:34] - Exportando 216 linhas para o produto 'ESS' em 'data_output/Telecobranca_TOI_ESS_05_08_2025.csv'...
2025-08-05 17:21:37,339 - INFO - [data_exporter:34] - Exportando 1038 linhas para o produto 'ETO' em 'data_output/Telecobranca_TOI_ETO_05_08_2025.csv'...
2025-08-05 17:21:37,356 - INFO - [data_exporter:38] - Exportação de dados concluída com sucesso.
2025-08-05 17:21:37,371 - INFO - [main:44] - --- ESTÁGIO 3 CONCLUÍDO ---
2025-08-05 17:21:37,372 - INFO - [main:53] - ============================== PROCESSO DE AUTOMAÇÃO CONCLUÍDO COM SUCESSO ==============================
